<?xml version="1.0" encoding="UTF-8"?>
<robot generator="Robot 5.0.1 (Python 3.10.3 on win32)" generated="20221009 22:29:43.651" rpa="false" schemaversion="3">
<suite id="s1" name="SignUp" source="D:\Sandbox\Git\sephorabeauty\SignUp.robot">
<test id="s1-t1" name="Launch the Sephora URL" line="7">
<kw name="Step1: Go to the home page" library="SignUpKeyword">
<kw name="Open Browser" library="SeleniumLibrary">
<arg>${URL}</arg>
<arg>${BROWSER}</arg>
<doc>Opens a new browser instance to the optional ``url``.</doc>
<msg timestamp="20221009 22:29:43.998" level="INFO">Opening browser 'chrome' to base url 'https://www.sephora.co.th/'.</msg>
<status status="PASS" starttime="20221009 22:29:43.998" endtime="20221009 22:29:49.862"/>
</kw>
<kw name="Maximize Browser Window" library="SeleniumLibrary">
<doc>Maximizes current browser window.</doc>
<status status="PASS" starttime="20221009 22:29:49.862" endtime="20221009 22:29:49.982"/>
</kw>
<kw name="Sleep" library="BuiltIn">
<arg>2</arg>
<doc>Pauses the test executed for the given time.</doc>
<msg timestamp="20221009 22:29:51.994" level="INFO">Slept 2 seconds</msg>
<status status="PASS" starttime="20221009 22:29:49.982" endtime="20221009 22:29:51.994"/>
</kw>
<kw name="Click Element" library="SeleniumLibrary">
<arg>${ClosePopup}</arg>
<doc>Click the element identified by ``locator``.</doc>
<msg timestamp="20221009 22:29:51.996" level="INFO">Clicking element 'xpath://*[@class="dy-lb-close"]'.</msg>
<status status="PASS" starttime="20221009 22:29:51.994" endtime="20221009 22:29:52.065"/>
</kw>
<kw name="Sleep" library="BuiltIn">
<arg>2</arg>
<doc>Pauses the test executed for the given time.</doc>
<msg timestamp="20221009 22:29:54.072" level="INFO">Slept 2 seconds</msg>
<status status="PASS" starttime="20221009 22:29:52.065" endtime="20221009 22:29:54.072"/>
</kw>
<status status="PASS" starttime="20221009 22:29:43.998" endtime="20221009 22:29:54.072"/>
</kw>
<kw name="Step10:Close Browser" library="SignUpKeyword">
<kw name="Close Browser" library="SeleniumLibrary">
<doc>Closes the current browser.</doc>
<status status="PASS" starttime="20221009 22:29:54.074" endtime="20221009 22:29:56.698"/>
</kw>
<status status="PASS" starttime="20221009 22:29:54.074" endtime="20221009 22:29:56.698"/>
</kw>
<status status="PASS" starttime="20221009 22:29:43.987" endtime="20221009 22:29:56.698"/>
</test>
<test id="s1-t2" name="Login with EmailAddress" line="11">
<kw name="Step1: Go to the home page" library="SignUpKeyword">
<kw name="Open Browser" library="SeleniumLibrary">
<arg>${URL}</arg>
<arg>${BROWSER}</arg>
<doc>Opens a new browser instance to the optional ``url``.</doc>
<msg timestamp="20221009 22:29:56.698" level="INFO">Opening browser 'chrome' to base url 'https://www.sephora.co.th/'.</msg>
<status status="PASS" starttime="20221009 22:29:56.698" endtime="20221009 22:30:02.981"/>
</kw>
<kw name="Maximize Browser Window" library="SeleniumLibrary">
<doc>Maximizes current browser window.</doc>
<status status="PASS" starttime="20221009 22:30:02.981" endtime="20221009 22:30:03.113"/>
</kw>
<kw name="Sleep" library="BuiltIn">
<arg>2</arg>
<doc>Pauses the test executed for the given time.</doc>
<msg timestamp="20221009 22:30:05.116" level="INFO">Slept 2 seconds</msg>
<status status="PASS" starttime="20221009 22:30:03.113" endtime="20221009 22:30:05.116"/>
</kw>
<kw name="Click Element" library="SeleniumLibrary">
<arg>${ClosePopup}</arg>
<doc>Click the element identified by ``locator``.</doc>
<msg timestamp="20221009 22:30:05.116" level="INFO">Clicking element 'xpath://*[@class="dy-lb-close"]'.</msg>
<status status="PASS" starttime="20221009 22:30:05.116" endtime="20221009 22:30:05.182"/>
</kw>
<kw name="Sleep" library="BuiltIn">
<arg>2</arg>
<doc>Pauses the test executed for the given time.</doc>
<msg timestamp="20221009 22:30:07.187" level="INFO">Slept 2 seconds</msg>
<status status="PASS" starttime="20221009 22:30:05.182" endtime="20221009 22:30:07.187"/>
</kw>
<status status="PASS" starttime="20221009 22:29:56.698" endtime="20221009 22:30:07.188"/>
</kw>
<kw name="Step1a: Change Language" library="SignUpKeyword">
<kw name="Click Element" library="SeleniumLibrary">
<arg>${LanguageButton}</arg>
<doc>Click the element identified by ``locator``.</doc>
<msg timestamp="20221009 22:30:07.188" level="INFO">Clicking element 'xpath://*[@id="__layout"]/div/div[2]/div/div[2]/nav/div/div/div[2]/div[3]/div[1]/div/span'.</msg>
<status status="PASS" starttime="20221009 22:30:07.188" endtime="20221009 22:30:07.249"/>
</kw>
<kw name="Click Element" library="SeleniumLibrary">
<arg>${LanguageButtonEn}</arg>
<doc>Click the element identified by ``locator``.</doc>
<msg timestamp="20221009 22:30:07.252" level="INFO">Clicking element 'xpath://*[@id="__layout"]/div/div[2]/div/div[2]/nav/div/div/div[2]/div[3]/div[2]/div/a[2]/span[1]'.</msg>
<status status="PASS" starttime="20221009 22:30:07.249" endtime="20221009 22:30:10.945"/>
</kw>
<status status="PASS" starttime="20221009 22:30:07.188" endtime="20221009 22:30:10.945"/>
</kw>
<kw name="Step2: Click Signup button" library="SignUpKeyword">
<kw name="Click Element" library="SeleniumLibrary">
<arg>${SignupButton}</arg>
<doc>Click the element identified by ``locator``.</doc>
<msg timestamp="20221009 22:30:10.949" level="INFO">Clicking element 'xpath://*[@id="dy-header-banner"]/div/div/div[3]/a[2]/button'.</msg>
<status status="PASS" starttime="20221009 22:30:10.949" endtime="20221009 22:30:13.979"/>
</kw>
<status status="PASS" starttime="20221009 22:30:10.949" endtime="20221009 22:30:13.979"/>
</kw>
<kw name="Step2_a: Enter EmailAddress" library="SignUpKeyword">
<kw name="Input Text" library="SeleniumLibrary">
<arg>${EmailAddressObject}</arg>
<arg>${EmailText}</arg>
<doc>Types the given ``text`` into the text field identified by ``locator``.</doc>
<msg timestamp="20221009 22:30:13.979" level="INFO">Typing text 'tester1@zgmail.com' into text field 'xpath://*[@id="authentication"]/div/div/div/div/div[3]/div/input'.</msg>
<status status="PASS" starttime="20221009 22:30:13.979" endtime="20221009 22:30:14.155"/>
</kw>
<kw name="Click Element" library="SeleniumLibrary">
<arg>${ContinueWithEmailObject}</arg>
<doc>Click the element identified by ``locator``.</doc>
<msg timestamp="20221009 22:30:14.162" level="INFO">Clicking element 'xpath://*[@id="ga-validate-email"]'.</msg>
<status status="PASS" starttime="20221009 22:30:14.155" endtime="20221009 22:30:14.257"/>
</kw>
<kw name="Click Element" library="SeleniumLibrary">
<arg>${CloseConfirmationObject}</arg>
<doc>Click the element identified by ``locator``.</doc>
<msg timestamp="20221009 22:30:14.257" level="INFO">Clicking element 'xpath://*[@id="authentication"]/div/div/button'.</msg>
<status status="PASS" starttime="20221009 22:30:14.257" endtime="20221009 22:30:18.337"/>
</kw>
<kw name="Sleep" library="BuiltIn">
<arg>2</arg>
<doc>Pauses the test executed for the given time.</doc>
<msg timestamp="20221009 22:30:20.344" level="INFO">Slept 2 seconds</msg>
<status status="PASS" starttime="20221009 22:30:18.337" endtime="20221009 22:30:20.344"/>
</kw>
<status status="PASS" starttime="20221009 22:30:13.979" endtime="20221009 22:30:20.344"/>
</kw>
<kw name="Step10:Close Browser" library="SignUpKeyword">
<kw name="Close Browser" library="SeleniumLibrary">
<doc>Closes the current browser.</doc>
<status status="PASS" starttime="20221009 22:30:20.344" endtime="20221009 22:30:23.331"/>
</kw>
<status status="PASS" starttime="20221009 22:30:20.344" endtime="20221009 22:30:23.331"/>
</kw>
<status status="PASS" starttime="20221009 22:29:56.698" endtime="20221009 22:30:23.331"/>
</test>
<test id="s1-t3" name="Login with Facebook" line="18">
<kw name="Step1: Go to the home page" library="SignUpKeyword">
<kw name="Open Browser" library="SeleniumLibrary">
<arg>${URL}</arg>
<arg>${BROWSER}</arg>
<doc>Opens a new browser instance to the optional ``url``.</doc>
<msg timestamp="20221009 22:30:23.331" level="INFO">Opening browser 'chrome' to base url 'https://www.sephora.co.th/'.</msg>
<status status="PASS" starttime="20221009 22:30:23.331" endtime="20221009 22:30:29.841"/>
</kw>
<kw name="Maximize Browser Window" library="SeleniumLibrary">
<doc>Maximizes current browser window.</doc>
<status status="PASS" starttime="20221009 22:30:29.842" endtime="20221009 22:30:29.963"/>
</kw>
<kw name="Sleep" library="BuiltIn">
<arg>2</arg>
<doc>Pauses the test executed for the given time.</doc>
<msg timestamp="20221009 22:30:31.971" level="INFO">Slept 2 seconds</msg>
<status status="PASS" starttime="20221009 22:30:29.963" endtime="20221009 22:30:31.971"/>
</kw>
<kw name="Click Element" library="SeleniumLibrary">
<arg>${ClosePopup}</arg>
<doc>Click the element identified by ``locator``.</doc>
<msg timestamp="20221009 22:30:31.972" level="INFO">Clicking element 'xpath://*[@class="dy-lb-close"]'.</msg>
<status status="PASS" starttime="20221009 22:30:31.971" endtime="20221009 22:30:32.030"/>
</kw>
<kw name="Sleep" library="BuiltIn">
<arg>2</arg>
<doc>Pauses the test executed for the given time.</doc>
<msg timestamp="20221009 22:30:34.033" level="INFO">Slept 2 seconds</msg>
<status status="PASS" starttime="20221009 22:30:32.030" endtime="20221009 22:30:34.033"/>
</kw>
<status status="PASS" starttime="20221009 22:30:23.331" endtime="20221009 22:30:34.033"/>
</kw>
<kw name="Step1a: Change Language" library="SignUpKeyword">
<kw name="Click Element" library="SeleniumLibrary">
<arg>${LanguageButton}</arg>
<doc>Click the element identified by ``locator``.</doc>
<msg timestamp="20221009 22:30:34.033" level="INFO">Clicking element 'xpath://*[@id="__layout"]/div/div[2]/div/div[2]/nav/div/div/div[2]/div[3]/div[1]/div/span'.</msg>
<status status="PASS" starttime="20221009 22:30:34.033" endtime="20221009 22:30:34.101"/>
</kw>
<kw name="Click Element" library="SeleniumLibrary">
<arg>${LanguageButtonEn}</arg>
<doc>Click the element identified by ``locator``.</doc>
<msg timestamp="20221009 22:30:34.101" level="INFO">Clicking element 'xpath://*[@id="__layout"]/div/div[2]/div/div[2]/nav/div/div/div[2]/div[3]/div[2]/div/a[2]/span[1]'.</msg>
<status status="PASS" starttime="20221009 22:30:34.101" endtime="20221009 22:30:42.034"/>
</kw>
<status status="PASS" starttime="20221009 22:30:34.033" endtime="20221009 22:30:42.035"/>
</kw>
<kw name="Step2: Click Signup button" library="SignUpKeyword">
<kw name="Click Element" library="SeleniumLibrary">
<arg>${SignupButton}</arg>
<doc>Click the element identified by ``locator``.</doc>
<msg timestamp="20221009 22:30:42.035" level="INFO">Clicking element 'xpath://*[@id="dy-header-banner"]/div/div/div[3]/a[2]/button'.</msg>
<status status="PASS" starttime="20221009 22:30:42.035" endtime="20221009 22:30:44.966"/>
</kw>
<status status="PASS" starttime="20221009 22:30:42.035" endtime="20221009 22:30:44.966"/>
</kw>
<kw name="Step2_b: Click Facebook" library="SignUpKeyword">
<kw name="Click Element" library="SeleniumLibrary">
<arg>${ContinueWithFacebookObject}</arg>
<doc>Click the element identified by ``locator``.</doc>
<msg timestamp="20221009 22:30:44.966" level="INFO">Clicking element 'xpath://*[@id="authentication"]/div/div/div/div/div[5]/button[1]'.</msg>
<status status="PASS" starttime="20221009 22:30:44.966" endtime="20221009 22:30:45.181"/>
</kw>
<kw name="Sleep" library="BuiltIn">
<arg>2</arg>
<doc>Pauses the test executed for the given time.</doc>
<msg timestamp="20221009 22:30:47.182" level="INFO">Slept 2 seconds</msg>
<status status="PASS" starttime="20221009 22:30:45.181" endtime="20221009 22:30:47.182"/>
</kw>
<status status="PASS" starttime="20221009 22:30:44.966" endtime="20221009 22:30:47.182"/>
</kw>
<kw name="Step10:Close Browser" library="SignUpKeyword">
<kw name="Close Browser" library="SeleniumLibrary">
<doc>Closes the current browser.</doc>
<status status="PASS" starttime="20221009 22:30:47.183" endtime="20221009 22:30:50.197"/>
</kw>
<status status="PASS" starttime="20221009 22:30:47.183" endtime="20221009 22:30:50.198"/>
</kw>
<status status="PASS" starttime="20221009 22:30:23.331" endtime="20221009 22:30:50.198"/>
</test>
<test id="s1-t4" name="Login with Google" line="25">
<kw name="Step1: Go to the home page" library="SignUpKeyword">
<kw name="Open Browser" library="SeleniumLibrary">
<arg>${URL}</arg>
<arg>${BROWSER}</arg>
<doc>Opens a new browser instance to the optional ``url``.</doc>
<msg timestamp="20221009 22:30:50.202" level="INFO">Opening browser 'chrome' to base url 'https://www.sephora.co.th/'.</msg>
<status status="PASS" starttime="20221009 22:30:50.202" endtime="20221009 22:30:56.392"/>
</kw>
<kw name="Maximize Browser Window" library="SeleniumLibrary">
<doc>Maximizes current browser window.</doc>
<status status="PASS" starttime="20221009 22:30:56.394" endtime="20221009 22:30:56.517"/>
</kw>
<kw name="Sleep" library="BuiltIn">
<arg>2</arg>
<doc>Pauses the test executed for the given time.</doc>
<msg timestamp="20221009 22:30:58.532" level="INFO">Slept 2 seconds</msg>
<status status="PASS" starttime="20221009 22:30:56.517" endtime="20221009 22:30:58.532"/>
</kw>
<kw name="Click Element" library="SeleniumLibrary">
<arg>${ClosePopup}</arg>
<doc>Click the element identified by ``locator``.</doc>
<msg timestamp="20221009 22:30:58.533" level="INFO">Clicking element 'xpath://*[@class="dy-lb-close"]'.</msg>
<status status="PASS" starttime="20221009 22:30:58.533" endtime="20221009 22:30:58.599"/>
</kw>
<kw name="Sleep" library="BuiltIn">
<arg>2</arg>
<doc>Pauses the test executed for the given time.</doc>
<msg timestamp="20221009 22:31:00.614" level="INFO">Slept 2 seconds</msg>
<status status="PASS" starttime="20221009 22:30:58.599" endtime="20221009 22:31:00.614"/>
</kw>
<status status="PASS" starttime="20221009 22:30:50.202" endtime="20221009 22:31:00.614"/>
</kw>
<kw name="Step1a: Change Language" library="SignUpKeyword">
<kw name="Click Element" library="SeleniumLibrary">
<arg>${LanguageButton}</arg>
<doc>Click the element identified by ``locator``.</doc>
<msg timestamp="20221009 22:31:00.615" level="INFO">Clicking element 'xpath://*[@id="__layout"]/div/div[2]/div/div[2]/nav/div/div/div[2]/div[3]/div[1]/div/span'.</msg>
<status status="PASS" starttime="20221009 22:31:00.615" endtime="20221009 22:31:00.672"/>
</kw>
<kw name="Click Element" library="SeleniumLibrary">
<arg>${LanguageButtonEn}</arg>
<doc>Click the element identified by ``locator``.</doc>
<msg timestamp="20221009 22:31:00.672" level="INFO">Clicking element 'xpath://*[@id="__layout"]/div/div[2]/div/div[2]/nav/div/div/div[2]/div[3]/div[2]/div/a[2]/span[1]'.</msg>
<status status="PASS" starttime="20221009 22:31:00.672" endtime="20221009 22:31:04.231"/>
</kw>
<status status="PASS" starttime="20221009 22:31:00.614" endtime="20221009 22:31:04.231"/>
</kw>
<kw name="Step2: Click Signup button" library="SignUpKeyword">
<kw name="Click Element" library="SeleniumLibrary">
<arg>${SignupButton}</arg>
<doc>Click the element identified by ``locator``.</doc>
<msg timestamp="20221009 22:31:04.231" level="INFO">Clicking element 'xpath://*[@id="dy-header-banner"]/div/div/div[3]/a[2]/button'.</msg>
<status status="PASS" starttime="20221009 22:31:04.231" endtime="20221009 22:31:07.297"/>
</kw>
<status status="PASS" starttime="20221009 22:31:04.231" endtime="20221009 22:31:07.298"/>
</kw>
<kw name="Step2_c: Click Google" library="SignUpKeyword">
<kw name="Click Element" library="SeleniumLibrary">
<arg>${ContinueWithGoogleObject}</arg>
<doc>Click the element identified by ``locator``.</doc>
<msg timestamp="20221009 22:31:07.298" level="INFO">Clicking element 'xpath://*[@id="authentication"]/div/div/div/div/div[5]/button[2]'.</msg>
<status status="PASS" starttime="20221009 22:31:07.298" endtime="20221009 22:31:07.500"/>
</kw>
<kw name="Sleep" library="BuiltIn">
<arg>2</arg>
<doc>Pauses the test executed for the given time.</doc>
<msg timestamp="20221009 22:31:09.508" level="INFO">Slept 2 seconds</msg>
<status status="PASS" starttime="20221009 22:31:07.500" endtime="20221009 22:31:09.508"/>
</kw>
<status status="PASS" starttime="20221009 22:31:07.298" endtime="20221009 22:31:09.508"/>
</kw>
<kw name="Step10:Close Browser" library="SignUpKeyword">
<kw name="Close Browser" library="SeleniumLibrary">
<doc>Closes the current browser.</doc>
<status status="PASS" starttime="20221009 22:31:09.510" endtime="20221009 22:31:12.475"/>
</kw>
<status status="PASS" starttime="20221009 22:31:09.510" endtime="20221009 22:31:12.475"/>
</kw>
<status status="PASS" starttime="20221009 22:30:50.198" endtime="20221009 22:31:12.475"/>
</test>
<test id="s1-t5" name="Login with Apple" line="32">
<kw name="Step1: Go to the home page" library="SignUpKeyword">
<kw name="Open Browser" library="SeleniumLibrary">
<arg>${URL}</arg>
<arg>${BROWSER}</arg>
<doc>Opens a new browser instance to the optional ``url``.</doc>
<msg timestamp="20221009 22:31:12.475" level="INFO">Opening browser 'chrome' to base url 'https://www.sephora.co.th/'.</msg>
<status status="PASS" starttime="20221009 22:31:12.475" endtime="20221009 22:31:18.895"/>
</kw>
<kw name="Maximize Browser Window" library="SeleniumLibrary">
<doc>Maximizes current browser window.</doc>
<status status="PASS" starttime="20221009 22:31:18.895" endtime="20221009 22:31:19.017"/>
</kw>
<kw name="Sleep" library="BuiltIn">
<arg>2</arg>
<doc>Pauses the test executed for the given time.</doc>
<msg timestamp="20221009 22:31:21.020" level="INFO">Slept 2 seconds</msg>
<status status="PASS" starttime="20221009 22:31:19.017" endtime="20221009 22:31:21.020"/>
</kw>
<kw name="Click Element" library="SeleniumLibrary">
<arg>${ClosePopup}</arg>
<doc>Click the element identified by ``locator``.</doc>
<msg timestamp="20221009 22:31:21.021" level="INFO">Clicking element 'xpath://*[@class="dy-lb-close"]'.</msg>
<status status="PASS" starttime="20221009 22:31:21.020" endtime="20221009 22:31:21.086"/>
</kw>
<kw name="Sleep" library="BuiltIn">
<arg>2</arg>
<doc>Pauses the test executed for the given time.</doc>
<msg timestamp="20221009 22:31:23.087" level="INFO">Slept 2 seconds</msg>
<status status="PASS" starttime="20221009 22:31:21.086" endtime="20221009 22:31:23.087"/>
</kw>
<status status="PASS" starttime="20221009 22:31:12.475" endtime="20221009 22:31:23.087"/>
</kw>
<kw name="Step1a: Change Language" library="SignUpKeyword">
<kw name="Click Element" library="SeleniumLibrary">
<arg>${LanguageButton}</arg>
<doc>Click the element identified by ``locator``.</doc>
<msg timestamp="20221009 22:31:23.087" level="INFO">Clicking element 'xpath://*[@id="__layout"]/div/div[2]/div/div[2]/nav/div/div/div[2]/div[3]/div[1]/div/span'.</msg>
<status status="PASS" starttime="20221009 22:31:23.087" endtime="20221009 22:31:23.152"/>
</kw>
<kw name="Click Element" library="SeleniumLibrary">
<arg>${LanguageButtonEn}</arg>
<doc>Click the element identified by ``locator``.</doc>
<msg timestamp="20221009 22:31:23.152" level="INFO">Clicking element 'xpath://*[@id="__layout"]/div/div[2]/div/div[2]/nav/div/div/div[2]/div[3]/div[2]/div/a[2]/span[1]'.</msg>
<status status="PASS" starttime="20221009 22:31:23.152" endtime="20221009 22:31:27.207"/>
</kw>
<status status="PASS" starttime="20221009 22:31:23.087" endtime="20221009 22:31:27.207"/>
</kw>
<kw name="Step2: Click Signup button" library="SignUpKeyword">
<kw name="Click Element" library="SeleniumLibrary">
<arg>${SignupButton}</arg>
<doc>Click the element identified by ``locator``.</doc>
<msg timestamp="20221009 22:31:27.210" level="INFO">Clicking element 'xpath://*[@id="dy-header-banner"]/div/div/div[3]/a[2]/button'.</msg>
<status status="PASS" starttime="20221009 22:31:27.210" endtime="20221009 22:31:29.701"/>
</kw>
<status status="PASS" starttime="20221009 22:31:27.210" endtime="20221009 22:31:29.704"/>
</kw>
<kw name="Step2_d: Click Apple" library="SignUpKeyword">
<kw name="Click Element" library="SeleniumLibrary">
<arg>${ContinueWithAppleObject}</arg>
<doc>Click the element identified by ``locator``.</doc>
<msg timestamp="20221009 22:31:29.705" level="INFO">Clicking element 'xpath://*[@id="authentication"]/div/div/div/div/div[5]/button[3]'.</msg>
<status status="PASS" starttime="20221009 22:31:29.704" endtime="20221009 22:31:29.861"/>
</kw>
<kw name="Sleep" library="BuiltIn">
<arg>2</arg>
<doc>Pauses the test executed for the given time.</doc>
<msg timestamp="20221009 22:31:31.865" level="INFO">Slept 2 seconds</msg>
<status status="PASS" starttime="20221009 22:31:29.861" endtime="20221009 22:31:31.865"/>
</kw>
<status status="PASS" starttime="20221009 22:31:29.704" endtime="20221009 22:31:31.867"/>
</kw>
<kw name="Step10:Close Browser" library="SignUpKeyword">
<kw name="Close Browser" library="SeleniumLibrary">
<doc>Closes the current browser.</doc>
<status status="PASS" starttime="20221009 22:31:31.868" endtime="20221009 22:31:34.859"/>
</kw>
<status status="PASS" starttime="20221009 22:31:31.867" endtime="20221009 22:31:34.859"/>
</kw>
<status status="PASS" starttime="20221009 22:31:12.475" endtime="20221009 22:31:34.859"/>
</test>
<doc>Test Case for SignUp Functionality</doc>
<status status="PASS" starttime="20221009 22:29:43.660" endtime="20221009 22:31:34.859"/>
</suite>
<statistics>
<total>
<stat pass="5" fail="0" skip="0">All Tests</stat>
</total>
<tag>
</tag>
<suite>
<stat pass="5" fail="0" skip="0" id="s1" name="SignUp">SignUp</stat>
</suite>
</statistics>
<errors>
</errors>
</robot>
